分类: 📺央视频道, 名称: CCTV-1, 有效: 0, IPv4: 5, IPv6: 0, 最小延迟: 10010 ms, 最高速率: 0.20 M/s, 平均速率: 0.00 M/s, 最高分辨率: 1920x1080
分类: 📺央视频道, 名称: CCTV-2, 有效: 1, IPv4: 5, IPv6: 0, 最小延迟: 3227 ms, 最高速率: 1.46 M/s, 平均速率: 1.46 M/s, 最高分辨率: 1920x1080
分类: 📺央视频道, 名称: CCTV-3, 有效: 1, IPv4: 5, IPv6: 0, 最小延迟: 2731 ms, 最高速率: 1.73 M/s, 平均速率: 1.73 M/s, 最高分辨率: 1920x1080
分类: 📺央视频道, 名称: CCTV-4, 有效: 0, IPv4: 5, IPv6: 0, 最小延迟: 10026 ms, 最高速率: 0.01 M/s, 平均速率: 0.00 M/s, 最高分辨率: None
分类: 📺央视频道, 名称: CCTV-5, 有效: 0, IPv4: 5, IPv6: 0, 最小延迟: 10023 ms, 最高速率: 0.02 M/s, 平均速率: 0.00 M/s, 最高分辨率: None
分类: 📺央视频道, 名称: CCTV-5+, 有效: 0, IPv4: 4, IPv6: 0, 最小延迟: 10064 ms, 最高速率: 0.32 M/s, 平均速率: 0.00 M/s, 最高分辨率: 1920x1080
分类: 📺央视频道, 名称: CCTV-6, 有效: 0, IPv4: 4, IPv6: 0, 最小延迟: 10133 ms, 最高速率: 0.17 M/s, 平均速率: 0.00 M/s, 最高分辨率: 1920x1080
分类: 📺央视频道, 名称: CCTV-7, 有效: 1, IPv4: 5, IPv6: 0, 最小延迟: 524 ms, 最高速率: 1.68 M/s, 平均速率: 1.68 M/s, 最高分辨率: 1280x720
分类: 📺央视频道, 名称: CCTV-8, 有效: 0, IPv4: 5, IPv6: 0, 最小延迟: 748 ms, 最高速率: 0.01 M/s, 平均速率: 0.00 M/s, 最高分辨率: None
分类: 📺央视频道, 名称: CCTV-9, 有效: 0, IPv4: 4, IPv6: 0, 最小延迟: 10163 ms, 最高速率: 0.02 M/s, 平均速率: 0.00 M/s, 最高分辨率: None
分类: 📺央视频道, 名称: CCTV-10, 有效: 0, IPv4: 4, IPv6: 0, 最小延迟: 10343 ms, 最高速率: 0.03 M/s, 平均速率: 0.00 M/s, 最高分辨率: 1920x1080
分类: 📺央视频道, 名称: CCTV-11, 有效: 0, IPv4: 4, IPv6: 0, 最小延迟: 10390 ms, 最高速率: 0.09 M/s, 平均速率: 0.00 M/s, 最高分辨率: None
分类: 📺央视频道, 名称: CCTV-12, 有效: 0, IPv4: 4, IPv6: 0, 最小延迟: 10154 ms, 最高速率: 0.02 M/s, 平均速率: 0.00 M/s, 最高分辨率: None
分类: 📺央视频道, 名称: CCTV-13, 有效: 0, IPv4: 4, IPv6: 0, 最小延迟: 600 ms, 最高速率: 0.00 M/s, 平均速率: 0.00 M/s, 最高分辨率: None
分类: 📺央视频道, 名称: CCTV-14, 有效: 0, IPv4: 4, IPv6: 0, 最小延迟: 10137 ms, 最高速率: 0.04 M/s, 平均速率: 0.00 M/s, 最高分辨率: 1920x1080
分类: 📺央视频道, 名称: CCTV-15, 有效: 0, IPv4: 4, IPv6: 0, 最小延迟: 10058 ms, 最高速率: 0.01 M/s, 平均速率: 0.00 M/s, 最高分辨率: None
分类: 📺央视频道, 名称: CCTV-16, 有效: 1, IPv4: 4, IPv6: 0, 最小延迟: 492 ms, 最高速率: 7.80 M/s, 平均速率: 7.80 M/s, 最高分辨率: 1920x1080
分类: 📺央视频道, 名称: CCTV-17, 有效: 0, IPv4: 3, IPv6: 1, 最小延迟: 10008 ms, 最高速率: 0.01 M/s, 平均速率: 0.00 M/s, 最高分辨率: None
分类: 📡卫视频道, 名称: 广东卫视, 有效: 1, IPv4: 5, IPv6: 0, 最小延迟: 523 ms, 最高速率: 1.68 M/s, 平均速率: 1.68 M/s, 最高分辨率: 1280x720
分类: 📡卫视频道, 名称: 浙江卫视, 有效: 1, IPv4: 5, IPv6: 0, 最小延迟: 1308 ms, 最高速率: 2.55 M/s, 平均速率: 2.55 M/s, 最高分辨率: 1920x1080
分类: 📡卫视频道, 名称: 湖南卫视, 有效: 2, IPv4: 5, IPv6: 0, 最小延迟: 519 ms, 最高速率: 11.11 M/s, 平均速率: 6.39 M/s, 最高分辨率: 1280x720
分类: 📡卫视频道, 名称: 北京卫视, 有效: 0, IPv4: 5, IPv6: 0, 最小延迟: 41 ms, 最高速率: 2.46 M/s, 平均速率: 0.00 M/s, 最高分辨率: 720x576
分类: 📡卫视频道, 名称: 湖北卫视, 有效: 1, IPv4: 5, IPv6: 0, 最小延迟: 520 ms, 最高速率: 1.68 M/s, 平均速率: 1.68 M/s, 最高分辨率: 1280x720
分类: 📡卫视频道, 名称: 黑龙江卫视, 有效: 0, IPv4: 5, IPv6: 0, 最小延迟: 5849 ms, 最高速率: 0.11 M/s, 平均速率: 0.00 M/s, 最高分辨率: 720x576
分类: 📡卫视频道, 名称: 安徽卫视, 有效: 0, IPv4: 5, IPv6: 0, 最小延迟: 10238 ms, 最高速率: 0.14 M/s, 平均速率: 0.00 M/s, 最高分辨率: 1920x1080
分类: 📡卫视频道, 名称: 重庆卫视, 有效: 1, IPv4: 5, IPv6: 0, 最小延迟: 524 ms, 最高速率: 1.67 M/s, 平均速率: 1.67 M/s, 最高分辨率: 1920x1080
分类: 📡卫视频道, 名称: 东方卫视, 有效: 1, IPv4: 5, IPv6: 0, 最小延迟: 1005 ms, 最高速率: 5.90 M/s, 平均速率: 5.90 M/s, 最高分辨率: 1920x1080
分类: 📡卫视频道, 名称: 东南卫视, 有效: 0, IPv4: 5, IPv6: 0, 最小延迟: 3926 ms, 最高速率: 0.07 M/s, 平均速率: 0.00 M/s, 最高分辨率: 1920x1080
分类: 📡卫视频道, 名称: 甘肃卫视, 有效: 0, IPv4: 5, IPv6: 0, 最小延迟: 10066 ms, 最高速率: 0.08 M/s, 平均速率: 0.00 M/s, 最高分辨率: 1920x1080
分类: 📡卫视频道, 名称: 广西卫视, 有效: 2, IPv4: 5, IPv6: 0, 最小延迟: 519 ms, 最高速率: 1.68 M/s, 平均速率: 1.68 M/s, 最高分辨率: 1280x720
分类: 📡卫视频道, 名称: 贵州卫视, 有效: 1, IPv4: 5, IPv6: 0, 最小延迟: 520 ms, 最高速率: 1.68 M/s, 平均速率: 1.68 M/s, 最高分辨率: 1920x1080
分类: 📡卫视频道, 名称: 海南卫视, 有效: 0, IPv4: 5, IPv6: 0, 最小延迟: 3424 ms, 最高速率: 0.15 M/s, 平均速率: 0.00 M/s, 最高分辨率: 720x576
分类: 📡卫视频道, 名称: 河北卫视, 有效: 0, IPv4: 5, IPv6: 0, 最小延迟: 10003 ms, 最高速率: 0.14 M/s, 平均速率: 0.00 M/s, 最高分辨率: 1920x1080
分类: 📡卫视频道, 名称: 河南卫视, 有效: 0, IPv4: 5, IPv6: 0, 最小延迟: 5142 ms, 最高速率: 0.77 M/s, 平均速率: 0.00 M/s, 最高分辨率: 720x576
分类: 📡卫视频道, 名称: 吉林卫视, 有效: 0, IPv4: 5, IPv6: 0, 最小延迟: 10040 ms, 最高速率: 0.25 M/s, 平均速率: 0.00 M/s, 最高分辨率: None
分类: 📡卫视频道, 名称: 江苏卫视, 有效: 0, IPv4: 5, IPv6: 0, 最小延迟: 10156 ms, 最高速率: 0.06 M/s, 平均速率: 0.00 M/s, 最高分辨率: None
分类: 📡卫视频道, 名称: 江西卫视, 有效: 0, IPv4: 5, IPv6: 0, 最小延迟: 6041 ms, 最高速率: 0.35 M/s, 平均速率: 0.00 M/s, 最高分辨率: 1920x1080
分类: 📡卫视频道, 名称: 辽宁卫视, 有效: 0, IPv4: 5, IPv6: 0, 最小延迟: 10326 ms, 最高速率: 0.01 M/s, 平均速率: 0.00 M/s, 最高分辨率: None
分类: 📡卫视频道, 名称: 内蒙古卫视, 有效: 0, IPv4: 5, IPv6: 0, 最小延迟: 10195 ms, 最高速率: 0.61 M/s, 平均速率: 0.00 M/s, 最高分辨率: 720x576
分类: 📡卫视频道, 名称: 宁夏卫视, 有效: 0, IPv4: 5, IPv6: 0, 最小延迟: 5656 ms, 最高速率: 0.17 M/s, 平均速率: 0.00 M/s, 最高分辨率: 1920x1080
分类: 📡卫视频道, 名称: 青海卫视, 有效: 1, IPv4: 4, IPv6: 1, 最小延迟: 1773 ms, 最高速率: 2.38 M/s, 平均速率: 2.38 M/s, 最高分辨率: 1920x1080
分类: 📡卫视频道, 名称: 陕西卫视, 有效: 1, IPv4: 1, IPv6: 1, 最小延迟: 522 ms, 最高速率: 1.68 M/s, 平均速率: 1.68 M/s, 最高分辨率: 1920x1080
分类: 📡卫视频道, 名称: 山东卫视, 有效: 0, IPv4: 5, IPv6: 0, 最小延迟: 1194 ms, 最高速率: 0.12 M/s, 平均速率: 0.00 M/s, 最高分辨率: 1920x1080
分类: 📡卫视频道, 名称: 山西卫视, 有效: 0, IPv4: 1, IPv6: 1, 最小延迟: 4223 ms, 最高速率: 0.14 M/s, 平均速率: 0.00 M/s, 最高分辨率: 1920x1080
分类: 📡卫视频道, 名称: 四川卫视, 有效: 0, IPv4: 6, IPv6: 0, 最小延迟: 10029 ms, 最高速率: 0.17 M/s, 平均速率: 0.00 M/s, 最高分辨率: 1920x1080
分类: 📡卫视频道, 名称: 三沙卫视, 有效: 2, IPv4: 2, IPv6: 0, 最小延迟: 626 ms, 最高速率: 8.28 M/s, 平均速率: 4.26 M/s, 最高分辨率: 1920x1080
分类: 📡卫视频道, 名称: 深圳卫视, 有效: 2, IPv4: 5, IPv6: 0, 最小延迟: 522 ms, 最高速率: 1.68 M/s, 平均速率: 1.11 M/s, 最高分辨率: 1920x1080
分类: 📡卫视频道, 名称: 天津卫视, 有效: 0, IPv4: 5, IPv6: 0, 最小延迟: 10063 ms, 最高速率: 0.10 M/s, 平均速率: 0.00 M/s, 最高分辨率: 720x576
分类: 📡卫视频道, 名称: 西藏卫视, 有效: 0, IPv4: 5, IPv6: 0, 最小延迟: 10129 ms, 最高速率: 0.36 M/s, 平均速率: 0.00 M/s, 最高分辨率: 1920x1080
分类: 📡卫视频道, 名称: 新疆卫视, 有效: 0, IPv4: 5, IPv6: 0, 最小延迟: 10112 ms, 最高速率: 0.08 M/s, 平均速率: 0.00 M/s, 最高分辨率: 720x576
分类: 📡卫视频道, 名称: 云南卫视, 有效: 0, IPv4: 5, IPv6: 0, 最小延迟: 4646 ms, 最高速率: 0.38 M/s, 平均速率: 0.00 M/s, 最高分辨率: 720x576
